<?xml version="1.0" encoding="UTF-8"?>
<testsuite name="JUnit Platform Suite" tests="0" skipped="0" failures="0" errors="0" time="0" hostname="LAPTOP-H9CAGGC6" timestamp="2022-10-05T17:36:38">
<properties>
<property name="file.encoding" value="Cp1252"/>
<property name="file.separator" value="\"/>
<property name="java.class.path" value="C:\Users\drewp\Documents\mango\mangoSource\war\WEB-INF\lib\OneWireAPI.jar;C:\Users\drewp\Documents\mango\mangoSource\war\WEB-INF\lib\RXTXcomm.jar;C:\Users\drewp\Documents\mango\mangoSource\war\WEB-INF\lib\SNMP4J.jar;C:\Users\drewp\Documents\mango\mangoSource\war\WEB-INF\lib\activation.jar;C:\Users\drewp\Documents\mango\mangoSource\war\WEB-INF\lib\axis.jar;C:\Users\drewp\Documents\mango\mangoSource\war\WEB-INF\lib\bacnet4J.jar;C:\Users\drewp\Documents\mango\mangoSource\war\WEB-INF\lib\commons-beanutils-1.8.3.jar;C:\Users\drewp\Documents\mango\mangoSource\war\WEB-INF\lib\commons-codec-1.3.jar;C:\Users\drewp\Documents\mango\mangoSource\war\WEB-INF\lib\commons-collections-3.2.1.jar;C:\Users\drewp\Documents\mango\mangoSource\war\WEB-INF\lib\commons-dbcp-jdbc4.jar;C:\Users\drewp\Documents\mango\mangoSource\war\WEB-INF\lib\commons-discovery-0.2.jar;C:\Users\drewp\Documents\mango\mangoSource\war\WEB-INF\lib\commons-fileupload.jar;C:\Users\drewp\Documents\mango\mangoSource\war\WEB-INF\lib\commons-httpclient-3.0.1.jar;C:\Users\drewp\Documents\mango\mangoSource\war\WEB-INF\lib\commons-io.jar;C:\Users\drewp\Documents\mango\mangoSource\war\WEB-INF\lib\commons-lang-2.5.jar;C:\Users\drewp\Documents\mango\mangoSource\war\WEB-INF\lib\commons-logging.jar;C:\Users\drewp\Documents\mango\mangoSource\war\WEB-INF\lib\commons-pool.jar;C:\Users\drewp\Documents\mango\mangoSource\war\WEB-INF\lib\crowd-integration-client-2.1.1.jar;C:\Users\drewp\Documents\mango\mangoSource\war\WEB-INF\lib\derby.jar;C:\Users\drewp\Documents\mango\mangoSource\war\WEB-INF\lib\derbytools.jar;C:\Users\drewp\Documents\mango\mangoSource\war\WEB-INF\lib\dnp3.jar;C:\Users\drewp\Documents\mango\mangoSource\war\WEB-INF\lib\dwr.jar;C:\Users\drewp\Documents\mango\mangoSource\war\WEB-INF\lib\ezmorph-1.0.6.jar;C:\Users\drewp\Documents\mango\mangoSource\war\WEB-INF\lib\freemarker.jar;C:\Users\drewp\Documents\mango\mangoSource\war\WEB-INF\lib\j-interop-2.06.jar;C:\Users\drewp\Documents\mango\mangoSource\war\WEB-INF\lib\j-interopdeps-1.4.jar;C:\Users\drewp\Documents\mango\mangoSource\war\WEB-INF\lib\jaxrpc.jar;C:\Users\drewp\Documents\mango\mangoSource\war\WEB-INF\lib\jcifs-1.2.19.jar;C:\Users\drewp\Documents\mango\mangoSource\war\WEB-INF\lib\jcommon-1.0.14.jar;C:\Users\drewp\Documents\mango\mangoSource\war\WEB-INF\lib\jdom-1.0.jar;C:\Users\drewp\Documents\mango\mangoSource\war\WEB-INF\lib\jfreechart-1.0.11.jar;C:\Users\drewp\Documents\mango\mangoSource\war\WEB-INF\lib\joda-time-1.3.jar;C:\Users\drewp\Documents\mango\mangoSource\war\WEB-INF\lib\json-lib-2.3-jdk15.jar;C:\Users\drewp\Documents\mango\mangoSource\war\WEB-INF\lib\jstl-api-1.2.jar;C:\Users\drewp\Documents\mango\mangoSource\war\WEB-INF\lib\jstl-impl-1.2.jar;C:\Users\drewp\Documents\mango\mangoSource\war\WEB-INF\lib\jstl.jar;C:\Users\drewp\Documents\mango\mangoSource\war\WEB-INF\lib\log4j-1.2.14.jar;C:\Users\drewp\Documents\mango\mangoSource\war\WEB-INF\lib\mail.jar;C:\Users\drewp\Documents\mango\mangoSource\war\WEB-INF\lib\mbus4j-core-0.1.3.jar;C:\Users\drewp\Documents\mango\mangoSource\war\WEB-INF\lib\mbus4j-master-0.1.3.jar;C:\Users\drewp\Documents\mango\mangoSource\war\WEB-INF\lib\modbus4J.jar;C:\Users\drewp\Documents\mango\mangoSource\war\WEB-INF\lib\mysql-connector-java-3.1.8-bin.jar;C:\Users\drewp\Documents\mango\mangoSource\war\WEB-INF\lib\mysql-connector-java-5.1.7-bin.jar;C:\Users\drewp\Documents\mango\mangoSource\war\WEB-INF\lib\opc-driver.jar;C:\Users\drewp\Documents\mango\mangoSource\war\WEB-INF\lib\openscada-utils.jar;C:\Users\drewp\Documents\mango\mangoSource\war\WEB-INF\lib\openv4j-core-0.1.3.jar;C:\Users\drewp\Documents\mango\mangoSource\war\WEB-INF\lib\org.openscada.opc.dcom-0.5.0.jar;C:\Users\drewp\Documents\mango\mangoSource\war\WEB-INF\lib\org.openscada.opc.lib-0.5.0.jar;C:\Users\drewp\Documents\mango\mangoSource\war\WEB-INF\lib\seroUtils.jar;C:\Users\drewp\Documents\mango\mangoSource\war\WEB-INF\lib\slf4j-api-1.5.11.jar;C:\Users\drewp\Documents\mango\mangoSource\war\WEB-INF\lib\slf4j-log4j12-1.5.11.jar;C:\Users\drewp\Documents\mango\mangoSource\war\WEB-INF\lib\spinwave.jar;C:\Users\drewp\Documents\mango\mangoSource\war\WEB-INF\lib\spring-webmvc.jar;C:\Users\drewp\Documents\mango\mangoSource\war\WEB-INF\lib\spring.jar;C:\Users\drewp\Documents\mango\mangoSource\war\WEB-INF\lib\sqljdbc4.jar;C:\Users\drewp\Documents\mango\mangoSource\war\WEB-INF\lib\standard.jar;C:\Users\drewp\Documents\mango\mangoSource\war\WEB-INF\lib\taglibs-log.jar;C:\Users\drewp\Documents\mango\mangoSource\war\WEB-INF\lib\viconics.jar;C:\Users\drewp\Documents\mango\mangoSource\war\WEB-INF\lib\wsdl4j-1.5.1.jar;C:\Users\drewp\Documents\mango\mangoSource\war\WEB-INF\lib\xfire-aegis-1.2.6.jar;C:\Users\drewp\Documents\mango\mangoSource\war\WEB-INF\lib\xfire-core-1.2.6.jar;C:\Users\drewp\Documents\mango\mangoSource\lib\OneWireAPI.jar;C:\Users\drewp\Documents\mango\mangoSource\lib\RXTXcomm.jar;C:\Users\drewp\Documents\mango\mangoSource\lib\SNMP4J.jar;C:\Users\drewp\Documents\mango\mangoSource\lib\activation.jar;C:\Users\drewp\Documents\mango\mangoSource\lib\axis.jar;C:\Users\drewp\Documents\mango\mangoSource\lib\bacnet4J.jar;C:\Users\drewp\Documents\mango\mangoSource\lib\commons-beanutils-1.8.3.jar;C:\Users\drewp\Documents\mango\mangoSource\lib\commons-codec-1.3.jar;C:\Users\drewp\Documents\mango\mangoSource\lib\commons-collections-3.2.1.jar;C:\Users\drewp\Documents\mango\mangoSource\lib\commons-dbcp-jdbc4.jar;C:\Users\drewp\Documents\mango\mangoSource\lib\commons-discovery-0.2.jar;C:\Users\drewp\Documents\mango\mangoSource\lib\commons-fileupload.jar;C:\Users\drewp\Documents\mango\mangoSource\lib\commons-httpclient-3.0.1.jar;C:\Users\drewp\Documents\mango\mangoSource\lib\commons-io.jar;C:\Users\drewp\Documents\mango\mangoSource\lib\commons-lang-2.5.jar;C:\Users\drewp\Documents\mango\mangoSource\lib\commons-logging.jar;C:\Users\drewp\Documents\mango\mangoSource\lib\commons-pool.jar;C:\Users\drewp\Documents\mango\mangoSource\lib\crowd-integration-client-2.1.1.jar;C:\Users\drewp\Documents\mango\mangoSource\lib\derby.jar;C:\Users\drewp\Documents\mango\mangoSource\lib\derbytools.jar;C:\Users\drewp\Documents\mango\mangoSource\lib\dnp3.jar;C:\Users\drewp\Documents\mango\mangoSource\lib\dwr.jar;C:\Users\drewp\Documents\mango\mangoSource\lib\ezmorph-1.0.6.jar;C:\Users\drewp\Documents\mango\mangoSource\lib\freemarker.jar;C:\Users\drewp\Documents\mango\mangoSource\lib\j-interop-2.06.jar;C:\Users\drewp\Documents\mango\mangoSource\lib\j-interopdeps-1.4.jar;C:\Users\drewp\Documents\mango\mangoSource\lib\jaxrpc.jar;C:\Users\drewp\Documents\mango\mangoSource\lib\jcifs-1.2.19.jar;C:\Users\drewp\Documents\mango\mangoSource\lib\jcommon-1.0.14.jar;C:\Users\drewp\Documents\mango\mangoSource\lib\jdom-1.0.jar;C:\Users\drewp\Documents\mango\mangoSource\lib\jfreechart-1.0.11.jar;C:\Users\drewp\Documents\mango\mangoSource\lib\joda-time-1.3.jar;C:\Users\drewp\Documents\mango\mangoSource\lib\json-lib-2.3-jdk15.jar;C:\Users\drewp\Documents\mango\mangoSource\lib\jsp-api.jar;C:\Users\drewp\Documents\mango\mangoSource\lib\jstl-api-1.2.jar;C:\Users\drewp\Documents\mango\mangoSource\lib\jstl-impl-1.2.jar;C:\Users\drewp\Documents\mango\mangoSource\lib\jstl.jar;C:\Users\drewp\Documents\mango\mangoSource\lib\junit-platform-console-standalone-1.9.0-RC1.jar;C:\Users\drewp\Documents\mango\mangoSource\lib\log4j-1.2.14.jar;C:\Users\drewp\Documents\mango\mangoSource\lib\mail.jar;C:\Users\drewp\Documents\mango\mangoSource\lib\mbus4j-core-0.1.3.jar;C:\Users\drewp\Documents\mango\mangoSource\lib\mbus4j-master-0.1.3.jar;C:\Users\drewp\Documents\mango\mangoSource\lib\modbus4J.jar;C:\Users\drewp\Documents\mango\mangoSource\lib\mysql-connector-java-3.1.8-bin.jar;C:\Users\drewp\Documents\mango\mangoSource\lib\mysql-connector-java-5.1.7-bin.jar;C:\Users\drewp\Documents\mango\mangoSource\lib\opc-driver.jar;C:\Users\drewp\Documents\mango\mangoSource\lib\openscada-utils.jar;C:\Users\drewp\Documents\mango\mangoSource\lib\openv4j-core-0.1.3.jar;C:\Users\drewp\Documents\mango\mangoSource\lib\org.openscada.opc.dcom-0.5.0.jar;C:\Users\drewp\Documents\mango\mangoSource\lib\org.openscada.opc.lib-0.5.0.jar;C:\Users\drewp\Documents\mango\mangoSource\lib\selenium\lib\async-http-client-2.12.3.jar;C:\Users\drewp\Documents\mango\mangoSource\lib\selenium\lib\async-http-client-netty-utils-2.12.3.jar;C:\Users\drewp\Documents\mango\mangoSource\lib\selenium\lib\auto-common-1.2.1.jar;C:\Users\drewp\Documents\mango\mangoSource\lib\selenium\lib\auto-service-1.0.1.jar;C:\Users\drewp\Documents\mango\mangoSource\lib\selenium\lib\auto-service-annotations-1.0.1.jar;C:\Users\drewp\Documents\mango\mangoSource\lib\selenium\lib\byte-buddy-1.12.10.jar;C:\Users\drewp\Documents\mango\mangoSource\lib\selenium\lib\checker-qual-3.12.0.jar;C:\Users\drewp\Documents\mango\mangoSource\lib\selenium\lib\commons-exec-1.3.jar;C:\Users\drewp\Documents\mango\mangoSource\lib\selenium\lib\error_prone_annotations-2.11.0.jar;C:\Users\drewp\Documents\mango\mangoSource\lib\selenium\lib\failsafe-3.2.4.jar;C:\Users\drewp\Documents\mango\mangoSource\lib\selenium\lib\failureaccess-1.0.1.jar;C:\Users\drewp\Documents\mango\mangoSource\lib\selenium\lib\guava-31.1-jre.jar;C:\Users\drewp\Documents\mango\mangoSource\lib\selenium\lib\j2objc-annotations-1.3.jar;C:\Users\drewp\Documents\mango\mangoSource\lib\selenium\lib\jakarta.activation-1.2.2.jar;C:\Users\drewp\Documents\mango\mangoSource\lib\selenium\lib\jcommander-1.82.jar;C:\Users\drewp\Documents\mango\mangoSource\lib\selenium\lib\jsr305-3.0.2.jar;C:\Users\drewp\Documents\mango\mangoSource\lib\selenium\lib\jtoml-2.0.0.jar;C:\Users\drewp\Documents\mango\mangoSource\lib\selenium\lib\listenablefuture-9999.0-empty-to-avoid-conflict-with-guava.jar;C:\Users\drewp\Documents\mango\mangoSource\lib\selenium\lib\netty-buffer-4.1.78.Final.jar;C:\Users\drewp\Documents\mango\mangoSource\lib\selenium\lib\netty-codec-4.1.78.Final.jar;C:\Users\drewp\Documents\mango\mangoSource\lib\selenium\lib\netty-codec-http-4.1.78.Final.jar;C:\Users\drewp\Documents\mango\mangoSource\lib\selenium\lib\netty-codec-socks-4.1.78.Final.jar;C:\Users\drewp\Documents\mango\mangoSource\lib\selenium\lib\netty-common-4.1.78.Final.jar;C:\Users\drewp\Documents\mango\mangoSource\lib\selenium\lib\netty-handler-4.1.78.Final.jar;C:\Users\drewp\Documents\mango\mangoSource\lib\selenium\lib\netty-handler-proxy-4.1.78.Final.jar;C:\Users\drewp\Documents\mango\mangoSource\lib\selenium\lib\netty-reactive-streams-2.0.4.jar;C:\Users\drewp\Documents\mango\mangoSource\lib\selenium\lib\netty-resolver-4.1.78.Final.jar;C:\Users\drewp\Documents\mango\mangoSource\lib\selenium\lib\netty-transport-4.1.78.Final.jar;C:\Users\drewp\Documents\mango\mangoSource\lib\selenium\lib\netty-transport-classes-epoll-4.1.78.Final.jar;C:\Users\drewp\Documents\mango\mangoSource\lib\selenium\lib\netty-transport-classes-kqueue-4.1.78.Final.jar;C:\Users\drewp\Documents\mango\mangoSource\lib\selenium\lib\netty-transport-native-epoll-4.1.78.Final.jar;C:\Users\drewp\Documents\mango\mangoSource\lib\selenium\lib\netty-transport-native-kqueue-4.1.78.Final.jar;C:\Users\drewp\Documents\mango\mangoSource\lib\selenium\lib\netty-transport-native-unix-common-4.1.78.Final.jar;C:\Users\drewp\Documents\mango\mangoSource\lib\selenium\lib\opentelemetry-api-1.15.0.jar;C:\Users\drewp\Documents\mango\mangoSource\lib\selenium\lib\opentelemetry-context-1.15.0.jar;C:\Users\drewp\Documents\mango\mangoSource\lib\selenium\lib\opentelemetry-exporter-logging-1.15.0.jar;C:\Users\drewp\Documents\mango\mangoSource\lib\selenium\lib\opentelemetry-sdk-1.15.0.jar;C:\Users\drewp\Documents\mango\mangoSource\lib\selenium\lib\opentelemetry-sdk-common-1.15.0.jar;C:\Users\drewp\Documents\mango\mangoSource\lib\selenium\lib\opentelemetry-sdk-extension-autoconfigure-1.15.0-alpha.jar;C:\Users\drewp\Documents\mango\mangoSource\lib\selenium\lib\opentelemetry-sdk-extension-autoconfigure-spi-1.15.0.jar;C:\Users\drewp\Documents\mango\mangoSource\lib\selenium\lib\opentelemetry-sdk-logs-1.15.0-alpha.jar;C:\Users\drewp\Documents\mango\mangoSource\lib\selenium\lib\opentelemetry-sdk-metrics-1.15.0.jar;C:\Users\drewp\Documents\mango\mangoSource\lib\selenium\lib\opentelemetry-sdk-trace-1.15.0.jar;C:\Users\drewp\Documents\mango\mangoSource\lib\selenium\lib\opentelemetry-semconv-1.15.0-alpha.jar;C:\Users\drewp\Documents\mango\mangoSource\lib\selenium\lib\reactive-streams-1.0.4.jar;C:\Users\drewp\Documents\mango\mangoSource\lib\selenium\lib\slf4j-api-1.7.36.jar;C:\Users\drewp\Documents\mango\mangoSource\lib\selenium\selenium-api-4.3.0-sources.jar;C:\Users\drewp\Documents\mango\mangoSource\lib\selenium\selenium-api-4.3.0.jar;C:\Users\drewp\Documents\mango\mangoSource\lib\selenium\selenium-chrome-driver-4.3.0-sources.jar;C:\Users\drewp\Documents\mango\mangoSource\lib\selenium\selenium-chrome-driver-4.3.0.jar;C:\Users\drewp\Documents\mango\mangoSource\lib\selenium\selenium-chromium-driver-4.3.0-sources.jar;C:\Users\drewp\Documents\mango\mangoSource\lib\selenium\selenium-chromium-driver-4.3.0.jar;C:\Users\drewp\Documents\mango\mangoSource\lib\selenium\selenium-devtools-v101-4.3.0-sources.jar;C:\Users\drewp\Documents\mango\mangoSource\lib\selenium\selenium-devtools-v101-4.3.0.jar;C:\Users\drewp\Documents\mango\mangoSource\lib\selenium\selenium-devtools-v102-4.3.0-sources.jar;C:\Users\drewp\Documents\mango\mangoSource\lib\selenium\selenium-devtools-v102-4.3.0.jar;C:\Users\drewp\Documents\mango\mangoSource\lib\selenium\selenium-devtools-v103-4.3.0-sources.jar;C:\Users\drewp\Documents\mango\mangoSource\lib\selenium\selenium-devtools-v103-4.3.0.jar;C:\Users\drewp\Documents\mango\mangoSource\lib\selenium\selenium-devtools-v85-4.3.0-sources.jar;C:\Users\drewp\Documents\mango\mangoSource\lib\selenium\selenium-devtools-v85-4.3.0.jar;C:\Users\drewp\Documents\mango\mangoSource\lib\selenium\selenium-edge-driver-4.3.0-sources.jar;C:\Users\drewp\Documents\mango\mangoSource\lib\selenium\selenium-edge-driver-4.3.0.jar;C:\Users\drewp\Documents\mango\mangoSource\lib\selenium\selenium-firefox-driver-4.3.0-sources.jar;C:\Users\drewp\Documents\mango\mangoSource\lib\selenium\selenium-firefox-driver-4.3.0.jar;C:\Users\drewp\Documents\mango\mangoSource\lib\selenium\selenium-http-4.3.0-sources.jar;C:\Users\drewp\Documents\mango\mangoSource\lib\selenium\selenium-http-4.3.0.jar;C:\Users\drewp\Documents\mango\mangoSource\lib\selenium\selenium-ie-driver-4.3.0-sources.jar;C:\Users\drewp\Documents\mango\mangoSource\lib\selenium\selenium-ie-driver-4.3.0.jar;C:\Users\drewp\Documents\mango\mangoSource\lib\selenium\selenium-java-4.3.0-sources.jar;C:\Users\drewp\Documents\mango\mangoSource\lib\selenium\selenium-java-4.3.0.jar;C:\Users\drewp\Documents\mango\mangoSource\lib\selenium\selenium-json-4.3.0-sources.jar;C:\Users\drewp\Documents\mango\mangoSource\lib\selenium\selenium-json-4.3.0.jar;C:\Users\drewp\Documents\mango\mangoSource\lib\selenium\selenium-opera-driver-4.3.0-sources.jar;C:\Users\drewp\Documents\mango\mangoSource\lib\selenium\selenium-opera-driver-4.3.0.jar;C:\Users\drewp\Documents\mango\mangoSource\lib\selenium\selenium-remote-driver-4.3.0-sources.jar;C:\Users\drewp\Documents\mango\mangoSource\lib\selenium\selenium-remote-driver-4.3.0.jar;C:\Users\drewp\Documents\mango\mangoSource\lib\selenium\selenium-safari-driver-4.3.0-sources.jar;C:\Users\drewp\Documents\mango\mangoSource\lib\selenium\selenium-safari-driver-4.3.0.jar;C:\Users\drewp\Documents\mango\mangoSource\lib\selenium\selenium-support-4.3.0-sources.jar;C:\Users\drewp\Documents\mango\mangoSource\lib\selenium\selenium-support-4.3.0.jar;C:\Users\drewp\Documents\mango\mangoSource\lib\seroUtils.jar;C:\Users\drewp\Documents\mango\mangoSource\lib\servlet-api.jar;C:\Users\drewp\Documents\mango\mangoSource\lib\slf4j-api-1.5.11.jar;C:\Users\drewp\Documents\mango\mangoSource\lib\slf4j-log4j12-1.5.11.jar;C:\Users\drewp\Documents\mango\mangoSource\lib\spinwave.jar;C:\Users\drewp\Documents\mango\mangoSource\lib\spring-webmvc.jar;C:\Users\drewp\Documents\mango\mangoSource\lib\spring.jar;C:\Users\drewp\Documents\mango\mangoSource\lib\sqljdbc4.jar;C:\Users\drewp\Documents\mango\mangoSource\lib\standard.jar;C:\Users\drewp\Documents\mango\mangoSource\lib\taglibs-log.jar;C:\Users\drewp\Documents\mango\mangoSource\lib\tomcat8jndi-1.0.0.jar;C:\Users\drewp\Documents\mango\mangoSource\lib\viconics.jar;C:\Users\drewp\Documents\mango\mangoSource\lib\wsdl4j-1.5.1.jar;C:\Users\drewp\Documents\mango\mangoSource\lib\xfire-aegis-1.2.6.jar;C:\Users\drewp\Documents\mango\mangoSource\lib\xfire-core-1.2.6.jar;C:\Users\drewp\Documents\mango\mangoSource\build\WEB-INF\classes;C:\Program Files\JetBrains\IntelliJ IDEA 2021.2.2\lib\ant\lib\ant-antlr.jar;C:\Program Files\JetBrains\IntelliJ IDEA 2021.2.2\lib\ant\lib\ant-apache-bcel.jar;C:\Program Files\JetBrains\IntelliJ IDEA 2021.2.2\lib\ant\lib\ant-apache-bsf.jar;C:\Program Files\JetBrains\IntelliJ IDEA 2021.2.2\lib\ant\lib\ant-apache-log4j.jar;C:\Program Files\JetBrains\IntelliJ IDEA 2021.2.2\lib\ant\lib\ant-apache-oro.jar;C:\Program Files\JetBrains\IntelliJ IDEA 2021.2.2\lib\ant\lib\ant-apache-regexp.jar;C:\Program Files\JetBrains\IntelliJ IDEA 2021.2.2\lib\ant\lib\ant-apache-resolver.jar;C:\Program Files\JetBrains\IntelliJ IDEA 2021.2.2\lib\ant\lib\ant-apache-xalan2.jar;C:\Program Files\JetBrains\IntelliJ IDEA 2021.2.2\lib\ant\lib\ant-commons-logging.jar;C:\Program Files\JetBrains\IntelliJ IDEA 2021.2.2\lib\ant\lib\ant-commons-net.jar;C:\Program Files\JetBrains\IntelliJ IDEA 2021.2.2\lib\ant\lib\ant-jai.jar;C:\Program Files\JetBrains\IntelliJ IDEA 2021.2.2\lib\ant\lib\ant-javamail.jar;C:\Program Files\JetBrains\IntelliJ IDEA 2021.2.2\lib\ant\lib\ant-jdepend.jar;C:\Program Files\JetBrains\IntelliJ IDEA 2021.2.2\lib\ant\lib\ant-jmf.jar;C:\Program Files\JetBrains\IntelliJ IDEA 2021.2.2\lib\ant\lib\ant-jsch.jar;C:\Program Files\JetBrains\IntelliJ IDEA 2021.2.2\lib\ant\lib\ant-junit.jar;C:\Program Files\JetBrains\IntelliJ IDEA 2021.2.2\lib\ant\lib\ant-junit4.jar;C:\Program Files\JetBrains\IntelliJ IDEA 2021.2.2\lib\ant\lib\ant-junitlauncher.jar;C:\Program Files\JetBrains\IntelliJ IDEA 2021.2.2\lib\ant\lib\ant-launcher.jar;C:\Program Files\JetBrains\IntelliJ IDEA 2021.2.2\lib\ant\lib\ant-netrexx.jar;C:\Program Files\JetBrains\IntelliJ IDEA 2021.2.2\lib\ant\lib\ant-swing.jar;C:\Program Files\JetBrains\IntelliJ IDEA 2021.2.2\lib\ant\lib\ant-testutil.jar;C:\Program Files\JetBrains\IntelliJ IDEA 2021.2.2\lib\ant\lib\ant-xz.jar;C:\Program Files\JetBrains\IntelliJ IDEA 2021.2.2\lib\ant\lib\ant.jar"/>
<property name="java.class.version" value="59.0"/>
<property name="java.home" value="C:\Program Files\Java\jdk-15.0.1"/>
<property name="java.io.tmpdir" value="C:\Users\drewp\AppData\Local\Temp\"/>
<property name="java.library.path" value="C:\Program Files\Java\jdk-15.0.1\bin;C:\WINDOWS\Sun\Java\bin;C:\WINDOWS\system32;C:\WINDOWS;C:\Python310\Scripts\;C:\Python310\;C:\Python39\Scripts\;C:\Python39\;C:\Program Files\Common Files\Oracle\Java\javapath;C:\windows\system32;C:\windows;C:\windows\System32\Wbem;C:\windows\System32\WindowsPowerShell\v1.0\;C:\windows\System32\OpenSSH\;C:\Program Files (x86)\NVIDIA Corporation\PhysX\Common;C:\Program Files\NVIDIA Corporation\NVIDIA NvDLISR;C:\Program Files\PuTTY\;C:\Program Files (x86)\mingw-w64\i686-8.1.0-posix-dwarf-rt_v6-rev0\mingw32\bin;C:\WINDOWS\system32;C:\WINDOWS;C:\WINDOWS\System32\Wbem;C:\WINDOWS\System32\WindowsPowerShell\v1.0\;C:\WINDOWS\System32\OpenSSH\;C:\Program Files\dotnet\;C:\Windows\Microsoft.NET\Framework64\v4.0.30319;C:\Users\drewp\AppData\Roaming\Python\Python38\Scripts;C:\Program Files\PostgreSQL\13\bin;C:\Program Files\CMake\bin;C:\Program Files\Git\cmd;C:\Program Files\Java\jdk-15.0.1\bin;C:\apache-maven-3.8.2\bin;C:\Program Files\nodejs\;C:\ProgramData\chocolatey\bin;C:\Program Files\ffmpeg\bin;C:\Gradle\gradle-7.4.2\bin;C:\Users\drewp\Documents\mango\apache-ant-1.10.12\bin;C:\Users\drewp\AppData\Local\Programs\Python\Python38-32\Scripts\;C:\Users\drewp\AppData\Local\Programs\Python\Python38-32\;C:\Users\drewp\AppData\Local\Microsoft\WindowsApps;C:\Users\drewp\AppData\Local\Programs\Microsoft VS Code\bin;C:\Users\drewp\.dotnet\tools;C:\Users\drewp\AppData\Roaming\Python\Python38\Scripts;C:\Program Files\JetBrains\PyCharm Community Edition 2021.2.1\bin;;C:\Users\drewp\AppData\Roaming\npm;C:\Program Files\JetBrains\IntelliJ IDEA 2021.2.2\bin;;C:\Users\drewp\AppData\Local\Programs\MiKTeX\miktex\bin\x64\;C:\Users\drewp\AppData\Local\Pandoc\;."/>
<property name="java.runtime.name" value="Java(TM) SE Runtime Environment"/>
<property name="java.runtime.version" value="15.0.1+9-18"/>
<property name="java.specification.name" value="Java Platform API Specification"/>
<property name="java.specification.vendor" value="Oracle Corporation"/>
<property name="java.specification.version" value="15"/>
<property name="java.vendor" value="Oracle Corporation"/>
<property name="java.vendor.url" value="https://java.oracle.com/"/>
<property name="java.vendor.url.bug" value="https://bugreport.java.com/bugreport/"/>
<property name="java.version" value="15.0.1"/>
<property name="java.version.date" value="2020-10-20"/>
<property name="java.vm.compressedOopsMode" value="Zero based"/>
<property name="java.vm.info" value="mixed mode, sharing"/>
<property name="java.vm.name" value="Java HotSpot(TM) 64-Bit Server VM"/>
<property name="java.vm.specification.name" value="Java Virtual Machine Specification"/>
<property name="java.vm.specification.vendor" value="Oracle Corporation"/>
<property name="java.vm.specification.version" value="15"/>
<property name="java.vm.vendor" value="Oracle Corporation"/>
<property name="java.vm.version" value="15.0.1+9-18"/>
<property name="jdk.debug" value="release"/>
<property name="line.separator" value="
"/>
<property name="os.arch" value="amd64"/>
<property name="os.name" value="Windows 10"/>
<property name="os.version" value="10.0"/>
<property name="path.separator" value=";"/>
<property name="sun.arch.data.model" value="64"/>
<property name="sun.boot.library.path" value="C:\Program Files\Java\jdk-15.0.1\bin"/>
<property name="sun.cpu.endian" value="little"/>
<property name="sun.cpu.isalist" value="amd64"/>
<property name="sun.io.unicode.encoding" value="UnicodeLittle"/>
<property name="sun.java.command" value="org.junit.platform.console.ConsoleLauncher --scan-classpath --reports-dir build/test-report"/>
<property name="sun.java.launcher" value="SUN_STANDARD"/>
<property name="sun.jnu.encoding" value="Cp1252"/>
<property name="sun.management.compiler" value="HotSpot 64-Bit Tiered Compilers"/>
<property name="sun.os.patch.level" value=""/>
<property name="user.country" value="US"/>
<property name="user.dir" value="C:\Users\drewp\Documents\mango\mangoSource"/>
<property name="user.home" value="C:\Users\drewp"/>
<property name="user.language" value="en"/>
<property name="user.name" value="drewp"/>
<property name="user.script" value=""/>
<property name="user.timezone" value="America/New_York"/>
<property name="user.variant" value=""/>
</properties>
<system-out><![CDATA[
unique-id: [engine:junit-platform-suite]
display-name: JUnit Platform Suite
]]></system-out>
</testsuite>
